1711504760.733292 client started (20983): version 3.2a, socket /tmp/tmux-1000/default, protocol 8
1711504760.733321 on Linux 5.15.146.1-microsoft-standard-WSL2 #1 SMP Thu Jan 11 04:09:03 UTC 2024
1711504760.733325 using libevent 2.1.12-stable (poll); ncurses 6.3
1711504760.733338 flags are 0x10010000
1711504760.733341 socket is /tmp/tmux-1000/default
1711504760.733352 trying connect
1711504760.733434 add peer 0x561f076de700: 6 ((nil))
1711504760.733949 sending message 100 to peer 0x561f076de700 (4 bytes)
1711504760.733957 sending message 111 to peer 0x561f076de700 (8 bytes)
1711504760.733961 sending message 101 to peer 0x561f076de700 (14 bytes)
1711504760.733963 sending message 109 to peer 0x561f076de700 (4 bytes)
1711504760.733966 sending message 102 to peer 0x561f076de700 (11 bytes)
1711504760.733969 sending message 108 to peer 0x561f076de700 (36 bytes)
1711504760.733972 sending message 112 to peer 0x561f076de700 (70 bytes)
1711504760.733975 sending message 112 to peer 0x561f076de700 (5 bytes)
1711504760.733977 sending message 112 to peer 0x561f076de700 (5 bytes)
1711504760.733980 sending message 112 to peer 0x561f076de700 (6 bytes)
1711504760.733982 sending message 112 to peer 0x561f076de700 (6 bytes)
1711504760.733985 sending message 112 to peer 0x561f076de700 (11 bytes)
1711504760.733988 sending message 112 to peer 0x561f076de700 (10 bytes)
1711504760.733990 sending message 112 to peer 0x561f076de700 (13 bytes)
1711504760.733993 sending message 112 to peer 0x561f076de700 (13 bytes)
1711504760.733995 sending message 112 to peer 0x561f076de700 (18 bytes)
1711504760.733998 sending message 112 to peer 0x561f076de700 (11 bytes)
1711504760.734000 sending message 112 to peer 0x561f076de700 (10 bytes)
1711504760.734003 sending message 112 to peer 0x561f076de700 (15 bytes)
1711504760.734006 sending message 112 to peer 0x561f076de700 (21 bytes)
1711504760.734008 sending message 112 to peer 0x561f076de700 (13 bytes)
1711504760.734011 sending message 112 to peer 0x561f076de700 (7 bytes)
1711504760.734013 sending message 112 to peer 0x561f076de700 (13 bytes)
1711504760.734016 sending message 112 to peer 0x561f076de700 (7 bytes)
1711504760.734018 sending message 112 to peer 0x561f076de700 (13 bytes)
1711504760.734021 sending message 112 to peer 0x561f076de700 (9 bytes)
1711504760.734023 sending message 112 to peer 0x561f076de700 (21 bytes)
1711504760.734025 sending message 112 to peer 0x561f076de700 (13 bytes)
1711504760.734028 sending message 112 to peer 0x561f076de700 (8 bytes)
1711504760.734030 sending message 112 to peer 0x561f076de700 (12 bytes)
1711504760.734033 sending message 112 to peer 0x561f076de700 (13 bytes)
1711504760.734035 sending message 112 to peer 0x561f076de700 (9 bytes)
1711504760.734037 sending message 112 to peer 0x561f076de700 (9 bytes)
1711504760.734040 sending message 112 to peer 0x561f076de700 (12 bytes)
1711504760.734042 sending message 112 to peer 0x561f076de700 (8 bytes)
1711504760.734045 sending message 112 to peer 0x561f076de700 (8 bytes)
1711504760.734047 sending message 112 to peer 0x561f076de700 (7 bytes)
1711504760.734050 sending message 112 to peer 0x561f076de700 (7 bytes)
1711504760.734052 sending message 112 to peer 0x561f076de700 (9 bytes)
1711504760.734055 sending message 112 to peer 0x561f076de700 (13 bytes)
1711504760.734057 sending message 112 to peer 0x561f076de700 (6 bytes)
1711504760.734060 sending message 112 to peer 0x561f076de700 (9 bytes)
1711504760.734062 sending message 112 to peer 0x561f076de700 (15 bytes)
1711504760.734065 sending message 112 to peer 0x561f076de700 (13 bytes)
1711504760.734067 sending message 112 to peer 0x561f076de700 (12 bytes)
1711504760.734069 sending message 112 to peer 0x561f076de700 (8 bytes)
1711504760.734072 sending message 112 to peer 0x561f076de700 (14 bytes)
1711504760.734074 sending message 112 to peer 0x561f076de700 (11 bytes)
1711504760.734077 sending message 112 to peer 0x561f076de700 (9 bytes)
1711504760.734079 sending message 112 to peer 0x561f076de700 (10 bytes)
1711504760.734082 sending message 112 to peer 0x561f076de700 (10 bytes)
1711504760.734084 sending message 112 to peer 0x561f076de700 (10 bytes)
1711504760.734094 sending message 112 to peer 0x561f076de700 (10 bytes)
1711504760.734097 sending message 112 to peer 0x561f076de700 (11 bytes)
1711504760.734099 sending message 112 to peer 0x561f076de700 (12 bytes)
1711504760.734102 sending message 112 to peer 0x561f076de700 (12 bytes)
1711504760.734105 sending message 112 to peer 0x561f076de700 (12 bytes)
1711504760.734107 sending message 112 to peer 0x561f076de700 (12 bytes)
1711504760.734110 sending message 112 to peer 0x561f076de700 (12 bytes)
1711504760.734112 sending message 112 to peer 0x561f076de700 (11 bytes)
1711504760.734114 sending message 112 to peer 0x561f076de700 (11 bytes)
1711504760.734117 sending message 112 to peer 0x561f076de700 (12 bytes)
1711504760.734119 sending message 112 to peer 0x561f076de700 (12 bytes)
1711504760.734121 sending message 112 to peer 0x561f076de700 (12 bytes)
1711504760.734124 sending message 112 to peer 0x561f076de700 (12 bytes)
1711504760.734126 sending message 112 to peer 0x561f076de700 (12 bytes)
1711504760.734129 sending message 112 to peer 0x561f076de700 (10 bytes)
1711504760.734131 sending message 112 to peer 0x561f076de700 (12 bytes)
1711504760.734151 sending message 112 to peer 0x561f076de700 (13 bytes)
1711504760.734155 sending message 112 to peer 0x561f076de700 (13 bytes)
1711504760.734158 sending message 112 to peer 0x561f076de700 (13 bytes)
1711504760.734161 sending message 112 to peer 0x561f076de700 (13 bytes)
1711504760.734164 sending message 112 to peer 0x561f076de700 (13 bytes)
1711504760.734167 sending message 112 to peer 0x561f076de700 (8 bytes)
1711504760.734170 sending message 112 to peer 0x561f076de700 (11 bytes)
1711504760.734172 sending message 112 to peer 0x561f076de700 (11 bytes)
1711504760.734175 sending message 112 to peer 0x561f076de700 (11 bytes)
1711504760.734177 sending message 112 to peer 0x561f076de700 (12 bytes)
1711504760.734180 sending message 112 to peer 0x561f076de700 (12 bytes)
1711504760.734182 sending message 112 to peer 0x561f076de700 (12 bytes)
1711504760.734185 sending message 112 to peer 0x561f076de700 (12 bytes)
1711504760.734188 sending message 112 to peer 0x561f076de700 (13 bytes)
1711504760.734190 sending message 112 to peer 0x561f076de700 (13 bytes)
1711504760.734193 sending message 112 to peer 0x561f076de700 (13 bytes)
1711504760.734195 sending message 112 to peer 0x561f076de700 (8 bytes)
1711504760.734197 sending message 112 to peer 0x561f076de700 (13 bytes)
1711504760.734200 sending message 112 to peer 0x561f076de700 (13 bytes)
1711504760.734202 sending message 112 to peer 0x561f076de700 (13 bytes)
1711504760.734205 sending message 112 to peer 0x561f076de700 (13 bytes)
1711504760.734207 sending message 112 to peer 0x561f076de700 (13 bytes)
1711504760.734209 sending message 112 to peer 0x561f076de700 (12 bytes)
1711504760.734212 sending message 112 to peer 0x561f076de700 (12 bytes)
1711504760.734214 sending message 112 to peer 0x561f076de700 (12 bytes)
1711504760.734217 sending message 112 to peer 0x561f076de700 (12 bytes)
1711504760.734220 sending message 112 to peer 0x561f076de700 (13 bytes)
1711504760.734222 sending message 112 to peer 0x561f076de700 (8 bytes)
1711504760.734225 sending message 112 to peer 0x561f076de700 (13 bytes)
1711504760.734227 sending message 112 to peer 0x561f076de700 (13 bytes)
1711504760.734229 sending message 112 to peer 0x561f076de700 (13 bytes)
1711504760.734232 sending message 112 to peer 0x561f076de700 (13 bytes)
1711504760.734234 sending message 112 to peer 0x561f076de700 (13 bytes)
1711504760.734236 sending message 112 to peer 0x561f076de700 (13 bytes)
1711504760.734239 sending message 112 to peer 0x561f076de700 (13 bytes)
1711504760.734241 sending message 112 to peer 0x561f076de700 (12 bytes)
1711504760.734243 sending message 112 to peer 0x561f076de700 (12 bytes)
1711504760.734246 sending message 112 to peer 0x561f076de700 (12 bytes)
1711504760.734248 sending message 112 to peer 0x561f076de700 (8 bytes)
1711504760.734251 sending message 112 to peer 0x561f076de700 (12 bytes)
1711504760.734253 sending message 112 to peer 0x561f076de700 (13 bytes)
1711504760.734259 sending message 112 to peer 0x561f076de700 (13 bytes)
1711504760.734262 sending message 112 to peer 0x561f076de700 (13 bytes)
1711504760.734264 sending message 112 to peer 0x561f076de700 (13 bytes)
1711504760.734267 sending message 112 to peer 0x561f076de700 (13 bytes)
1711504760.734269 sending message 112 to peer 0x561f076de700 (13 bytes)
1711504760.734271 sending message 112 to peer 0x561f076de700 (13 bytes)
1711504760.734274 sending message 112 to peer 0x561f076de700 (13 bytes)
1711504760.734276 sending message 112 to peer 0x561f076de700 (12 bytes)
1711504760.734279 sending message 112 to peer 0x561f076de700 (10 bytes)
1711504760.734281 sending message 112 to peer 0x561f076de700 (12 bytes)
1711504760.734283 sending message 112 to peer 0x561f076de700 (12 bytes)
1711504760.734286 sending message 112 to peer 0x561f076de700 (12 bytes)
1711504760.734288 sending message 112 to peer 0x561f076de700 (13 bytes)
1711504760.734290 sending message 112 to peer 0x561f076de700 (13 bytes)
1711504760.734293 sending message 112 to peer 0x561f076de700 (13 bytes)
1711504760.734295 sending message 112 to peer 0x561f076de700 (13 bytes)
1711504760.734298 sending message 112 to peer 0x561f076de700 (13 bytes)
1711504760.734300 sending message 112 to peer 0x561f076de700 (13 bytes)
1711504760.734302 sending message 112 to peer 0x561f076de700 (13 bytes)
1711504760.734305 sending message 112 to peer 0x561f076de700 (10 bytes)
1711504760.734307 sending message 112 to peer 0x561f076de700 (13 bytes)
1711504760.734310 sending message 112 to peer 0x561f076de700 (12 bytes)
1711504760.734312 sending message 112 to peer 0x561f076de700 (12 bytes)
1711504760.734314 sending message 112 to peer 0x561f076de700 (12 bytes)
1711504760.734317 sending message 112 to peer 0x561f076de700 (10 bytes)
1711504760.734319 sending message 112 to peer 0x561f076de700 (10 bytes)
1711504760.734322 sending message 112 to peer 0x561f076de700 (10 bytes)
1711504760.734324 sending message 112 to peer 0x561f076de700 (12 bytes)
1711504760.734327 sending message 112 to peer 0x561f076de700 (13 bytes)
1711504760.734329 sending message 112 to peer 0x561f076de700 (13 bytes)
1711504760.734331 sending message 112 to peer 0x561f076de700 (13 bytes)
1711504760.734334 sending message 112 to peer 0x561f076de700 (13 bytes)
1711504760.734336 sending message 112 to peer 0x561f076de700 (13 bytes)
1711504760.734339 sending message 112 to peer 0x561f076de700 (11 bytes)
1711504760.734341 sending message 112 to peer 0x561f076de700 (11 bytes)
1711504760.734343 sending message 112 to peer 0x561f076de700 (12 bytes)
1711504760.734346 sending message 112 to peer 0x561f076de700 (12 bytes)
1711504760.734348 sending message 112 to peer 0x561f076de700 (12 bytes)
1711504760.734351 sending message 112 to peer 0x561f076de700 (12 bytes)
1711504760.734353 sending message 112 to peer 0x561f076de700 (12 bytes)
1711504760.734356 sending message 112 to peer 0x561f076de700 (11 bytes)
1711504760.734358 sending message 112 to peer 0x561f076de700 (12 bytes)
1711504760.734361 sending message 112 to peer 0x561f076de700 (12 bytes)
1711504760.734363 sending message 112 to peer 0x561f076de700 (13 bytes)
1711504760.734366 sending message 112 to peer 0x561f076de700 (13 bytes)
1711504760.734368 sending message 112 to peer 0x561f076de700 (13 bytes)
1711504760.734370 sending message 112 to peer 0x561f076de700 (13 bytes)
1711504760.734373 sending message 112 to peer 0x561f076de700 (13 bytes)
1711504760.734375 sending message 112 to peer 0x561f076de700 (10 bytes)
1711504760.734377 sending message 112 to peer 0x561f076de700 (9 bytes)
1711504760.734380 sending message 112 to peer 0x561f076de700 (12 bytes)
1711504760.734382 sending message 112 to peer 0x561f076de700 (13 bytes)
1711504760.734385 sending message 112 to peer 0x561f076de700 (13 bytes)
1711504760.734387 sending message 112 to peer 0x561f076de700 (13 bytes)
1711504760.734389 sending message 112 to peer 0x561f076de700 (13 bytes)
1711504760.734392 sending message 112 to peer 0x561f076de700 (13 bytes)
1711504760.734397 sending message 112 to peer 0x561f076de700 (9 bytes)
1711504760.734399 sending message 112 to peer 0x561f076de700 (12 bytes)
1711504760.734402 sending message 112 to peer 0x561f076de700 (13 bytes)
1711504760.734404 sending message 112 to peer 0x561f076de700 (13 bytes)
1711504760.734407 sending message 112 to peer 0x561f076de700 (13 bytes)
1711504760.734409 sending message 112 to peer 0x561f076de700 (13 bytes)
1711504760.734412 sending message 112 to peer 0x561f076de700 (13 bytes)
1711504760.734414 sending message 112 to peer 0x561f076de700 (11 bytes)
1711504760.734416 sending message 112 to peer 0x561f076de700 (12 bytes)
1711504760.734419 sending message 112 to peer 0x561f076de700 (13 bytes)
1711504760.734421 sending message 112 to peer 0x561f076de700 (13 bytes)
1711504760.734426 sending message 112 to peer 0x561f076de700 (13 bytes)
1711504760.734428 sending message 112 to peer 0x561f076de700 (13 bytes)
1711504760.734430 sending message 112 to peer 0x561f076de700 (13 bytes)
1711504760.734433 sending message 112 to peer 0x561f076de700 (11 bytes)
1711504760.734435 sending message 112 to peer 0x561f076de700 (12 bytes)
1711504760.734437 sending message 112 to peer 0x561f076de700 (12 bytes)
1711504760.734439 sending message 112 to peer 0x561f076de700 (12 bytes)
1711504760.734442 sending message 112 to peer 0x561f076de700 (12 bytes)
1711504760.734444 sending message 112 to peer 0x561f076de700 (12 bytes)
1711504760.734446 sending message 112 to peer 0x561f076de700 (21 bytes)
1711504760.734448 sending message 112 to peer 0x561f076de700 (12 bytes)
1711504760.734451 sending message 112 to peer 0x561f076de700 (9 bytes)
1711504760.734453 sending message 112 to peer 0x561f076de700 (6 bytes)
1711504760.734455 sending message 112 to peer 0x561f076de700 (8 bytes)
1711504760.734458 sending message 112 to peer 0x561f076de700 (15 bytes)
1711504760.734460 sending message 112 to peer 0x561f076de700 (13 bytes)
1711504760.734464 sending message 112 to peer 0x561f076de700 (9 bytes)
1711504760.734467 sending message 112 to peer 0x561f076de700 (70 bytes)
1711504760.734469 sending message 112 to peer 0x561f076de700 (69 bytes)
1711504760.734471 sending message 112 to peer 0x561f076de700 (10 bytes)
1711504760.734474 sending message 112 to peer 0x561f076de700 (10 bytes)
1711504760.734476 sending message 112 to peer 0x561f076de700 (8 bytes)
1711504760.734478 sending message 112 to peer 0x561f076de700 (15 bytes)
1711504760.734481 sending message 112 to peer 0x561f076de700 (13 bytes)
1711504760.734483 sending message 112 to peer 0x561f076de700 (10 bytes)
1711504760.734485 sending message 112 to peer 0x561f076de700 (10 bytes)
1711504760.734488 sending message 112 to peer 0x561f076de700 (17 bytes)
1711504760.734490 sending message 112 to peer 0x561f076de700 (10 bytes)
1711504760.734492 sending message 112 to peer 0x561f076de700 (13 bytes)
1711504760.734494 sending message 112 to peer 0x561f076de700 (9 bytes)
1711504760.734497 sending message 112 to peer 0x561f076de700 (5 bytes)
1711504760.734499 sending message 112 to peer 0x561f076de700 (15 bytes)
1711504760.734504 sending message 104 to peer 0x561f076de700 (0 bytes)
1711504760.734507 sending message 110 to peer 0x561f076de700 (0 bytes)
1711504760.734510 sending message 107 to peer 0x561f076de700 (4 bytes)
1711504760.734512 sending message 105 to peer 0x561f076de700 (56 bytes)
1711504760.734515 sending message 105 to peer 0x561f076de700 (28 bytes)
1711504760.734517 sending message 105 to peer 0x561f076de700 (19 bytes)
1711504760.734520 sending message 105 to peer 0x561f076de700 (189 bytes)
1711504760.734523 sending message 105 to peer 0x561f076de700 (13 bytes)
1711504760.734525 sending message 105 to peer 0x561f076de700 (8 bytes)
1711504760.734527 sending message 105 to peer 0x561f076de700 (16 bytes)
1711504760.734530 sending message 105 to peer 0x561f076de700 (32 bytes)
1711504760.734533 sending message 105 to peer 0x561f076de700 (1519 bytes)
1711504760.734548 sending message 105 to peer 0x561f076de700 (23 bytes)
1711504760.734551 sending message 105 to peer 0x561f076de700 (43 bytes)
1711504760.734557 sending message 105 to peer 0x561f076de700 (11 bytes)
1711504760.734560 sending message 105 to peer 0x561f076de700 (740 bytes)
1711504760.734562 sending message 105 to peer 0x561f076de700 (40 bytes)
1711504760.734565 sending message 105 to peer 0x561f076de700 (19 bytes)
1711504760.734568 sending message 105 to peer 0x561f076de700 (8 bytes)
1711504760.734570 sending message 105 to peer 0x561f076de700 (19 bytes)
1711504760.734573 sending message 105 to peer 0x561f076de700 (18 bytes)
1711504760.734575 sending message 105 to peer 0x561f076de700 (26 bytes)
1711504760.734578 sending message 105 to peer 0x561f076de700 (35 bytes)
1711504760.734582 sending message 105 to peer 0x561f076de700 (35 bytes)
1711504760.734585 sending message 105 to peer 0x561f076de700 (47 bytes)
1711504760.734588 sending message 105 to peer 0x561f076de700 (13 bytes)
1711504760.734594 sending message 105 to peer 0x561f076de700 (27 bytes)
1711504760.734602 sending message 105 to peer 0x561f076de700 (35 bytes)
1711504760.734610 sending message 105 to peer 0x561f076de700 (13 bytes)
1711504760.734613 sending message 105 to peer 0x561f076de700 (31 bytes)
1711504760.734621 sending message 105 to peer 0x561f076de700 (23 bytes)
1711504760.734628 sending message 105 to peer 0x561f076de700 (18 bytes)
1711504760.734633 sending message 105 to peer 0x561f076de700 (21 bytes)
1711504760.734640 sending message 105 to peer 0x561f076de700 (29 bytes)
1711504760.734644 sending message 105 to peer 0x561f076de700 (16 bytes)
1711504760.734648 sending message 106 to peer 0x561f076de700 (0 bytes)
1711504760.734656 sending message 200 to peer 0x561f076de700 (4 bytes)
1711504760.734660 client loop enter
1711504760.735816 peer 0x561f076de700 message 303
1711504760.735834 open write file 2 -
1711504760.735848 sending message 305 to peer 0x561f076de700 (8 bytes)
1711504760.735862 write check file 2
1711504760.736162 peer 0x561f076de700 message 304
1711504760.736172 write 58 to file 2
1711504760.736178 peer 0x561f076de700 message 203
1711504760.736185 file 2 58 bytes left
1711504760.736243 write check file 2
1711504760.736249 client loop exit
